<?xml version="1.0" encoding="UTF-8"?>
<!-- Generated by org.testng.reporters.JUnitReportReporter -->
<testsuite hostname="Ashwani_Singh" name="ashwani.TestCasePackage.TestCase1" tests="1" failures="0" timestamp="29 Sep 2022 11:46:35 GMT" time="41.227" errors="0">
  <testcase name="playMusicOnYoutube" time="41.227" classname="ashwani.TestCasePackage.TestCase1"/>
</testsuite> <!-- ashwani.TestCasePackage.TestCase1 -->
